{
  "stats": {
    "suites": 1,
    "tests": 4,
    "passes": 4,
    "pending": 0,
    "failures": 0,
    "start": "2024-02-28T15:33:14.327Z",
    "end": "2024-02-28T15:33:14.371Z",
    "duration": 44,
    "testsRegistered": 4,
    "passPercent": 100,
    "pendingPercent": 0,
    "other": 0,
    "hasOther": false,
    "skipped": 0,
    "hasSkipped": false
  },
  "results": [
    {
      "uuid": "2fb985d8-9e2e-484e-ac67-de63ee06be1c",
      "title": "",
      "fullFile": "/Users/anamikaanamika/Desktop/geekyants_internal_projects/graphql-api-testing/test/graphql.test.js",
      "file": "/test/graphql.test.js",
      "beforeHooks": [],
      "afterHooks": [],
      "tests": [],
      "suites": [
        {
          "uuid": "bf757a16-817d-4812-8aac-cc863f07307b",
          "title": "GraphQL get games API",
          "fullFile": "/Users/anamikaanamika/Desktop/geekyants_internal_projects/graphql-api-testing/test/graphql.test.js",
          "file": "/test/graphql.test.js",
          "beforeHooks": [],
          "afterHooks": [],
          "tests": [
            {
              "title": "should return title and platform",
              "fullTitle": "GraphQL get games API should return title and platform",
              "timedOut": false,
              "duration": 29,
              "state": "passed",
              "speed": "fast",
              "pass": true,
              "fail": false,
              "pending": false,
              "context": null,
              "code": "const query = `\nquery Games {\n    games {\n      id\n      title\n      platform\n    }\n  }\n  `;\nconst data = await client.request(query);\nexpect(data.games).to.be.an(\"array\");\nexpect(data.games[0]).to.have.property(\"id\");\nexpect(data.games[0]).to.have.property(\"title\");\nexpect(data.games[0]).to.have.property(\"platform\");",
              "err": {},
              "uuid": "2db4ff4a-4015-4d1e-9648-8b5706566a4c",
              "parentUUID": "bf757a16-817d-4812-8aac-cc863f07307b",
              "isHook": false,
              "skipped": false
            },
            {
              "title": "should return single game with reviews and authors",
              "fullTitle": "GraphQL get games API should return single game with reviews and authors",
              "timedOut": false,
              "duration": 5,
              "state": "passed",
              "speed": "fast",
              "pass": true,
              "fail": false,
              "pending": false,
              "context": null,
              "code": "const query = `\nquery Game($gameId: ID!) {\n    game(id: $gameId) {\n      id\n      title\n      platform\n      reviews {\n        rating\n        content\n        author {\n          name\n          verified\n        }\n      }\n    }\n  }\n  `;\nconst variables = {\n  gameId: \"1\",\n};\nconst data = await client.request(query, variables);\nexpect(data.game).to.be.an(\"object\");\nexpect(data.game).to.have.property(\"id\");\nexpect(data.game).to.have.property(\"title\");\nexpect(data.game).to.have.property(\"platform\");\nexpect(data.game).to.have.property(\"reviews\");\nexpect(data.game.reviews).to.be.an(\"array\");",
              "err": {},
              "uuid": "a9968c99-e43c-4df2-b373-3bc504b7c505",
              "parentUUID": "bf757a16-817d-4812-8aac-cc863f07307b",
              "isHook": false,
              "skipped": false
            },
            {
              "title": "should return the newly created Game",
              "fullTitle": "GraphQL get games API should return the newly created Game",
              "timedOut": false,
              "duration": 3,
              "state": "passed",
              "speed": "fast",
              "pass": true,
              "fail": false,
              "pending": false,
              "context": null,
              "code": "const mutation = `\n    mutation Mutation($game: AddGameInput) {\n        addGame(game: $game) {\n          id\n          title\n          platform\n        }\n      }\n    `;\nconst variables = {\n  game: {\n    title: \"A title freshly Added\",\n    platform: [\"platform 1, platform 2\"],\n  },\n};\nconst data = await client.request(mutation, variables);\nexpect(data.addGame).to.be.an(\"object\");\nexpect(data.addGame).to.have.property(\"id\");\nexpect(data.addGame).to.have.property(\"title\");\nexpect(data.addGame).to.have.property(\"platform\");\nexpect(data.addGame.title).equals(variables.game.title);\nexpect(data.addGame.platform).to.be.an(\"array\");",
              "err": {},
              "uuid": "abda8a18-b49f-4007-95b1-bb43a065ba0f",
              "parentUUID": "bf757a16-817d-4812-8aac-cc863f07307b",
              "isHook": false,
              "skipped": false
            },
            {
              "title": "should return the  updated Game",
              "fullTitle": "GraphQL get games API should return the  updated Game",
              "timedOut": false,
              "duration": 3,
              "state": "passed",
              "speed": "fast",
              "pass": true,
              "fail": false,
              "pending": false,
              "context": null,
              "code": "const mutation = `\nmutation UpdateGame($updateGameId: ID!, $edits: EditGameInput!) {\n    updateGame(id: $updateGameId, edits: $edits) {\n      id\n      title\n      platform\n    }\n  }\n    `;\nconst variables = {\n  updateGameId: \"1\",\n  edits: {\n    title: \"Updated Title\",\n    platform: [\"platform one, platform 2\"],\n  },\n};\nconst data = await client.request(mutation, variables);\nexpect(data.updateGame).to.be.an(\"object\");\nexpect(data.updateGame).to.have.property(\"id\");\nexpect(data.updateGame).to.have.property(\"title\");\nexpect(data.updateGame).to.have.property(\"platform\");\nexpect(data.updateGame.title).equals(variables.edits.title);\nexpect(data.updateGame.platform).to.be.an(\"array\");",
              "err": {},
              "uuid": "e857d248-97b2-4b5b-b9a1-7964d04ed54e",
              "parentUUID": "bf757a16-817d-4812-8aac-cc863f07307b",
              "isHook": false,
              "skipped": false
            }
          ],
          "suites": [],
          "passes": [
            "2db4ff4a-4015-4d1e-9648-8b5706566a4c",
            "a9968c99-e43c-4df2-b373-3bc504b7c505",
            "abda8a18-b49f-4007-95b1-bb43a065ba0f",
            "e857d248-97b2-4b5b-b9a1-7964d04ed54e"
          ],
          "failures": [],
          "pending": [],
          "skipped": [],
          "duration": 40,
          "root": false,
          "rootEmpty": false,
          "_timeout": 10000
        }
      ],
      "passes": [],
      "failures": [],
      "pending": [],
      "skipped": [],
      "duration": 0,
      "root": true,
      "rootEmpty": true,
      "_timeout": 10000
    }
  ],
  "meta": {
    "mocha": {
      "version": "10.3.0"
    },
    "mochawesome": {
      "options": {
        "quiet": false,
        "reportFilename": "mochawesome",
        "saveHtml": true,
        "saveJson": true,
        "consoleReporter": "spec",
        "useInlineDiffs": false,
        "code": true
      },
      "version": "7.1.3"
    },
    "marge": {
      "options": null,
      "version": "6.2.0"
    }
  }
}